2019-03-13T01:06:03.153Z - info:   [22284] *** FOLDER: c:\Users\duffn\Source\repos\NateDuffAthleticSite ***
2019-03-13T01:06:03.154Z - info:   [22284] AzureReposVSCode/1.144.1 (VSCode 1.31.1; Windows_NT 10.0.17134; Node 10.2.0)
2019-03-13T01:06:03.375Z - info:   [22284] Getting repository information with repositoryInfoClient
2019-03-13T01:06:09.556Z - info:   [22284] Getting connectionData with accountClient
2019-03-13T01:06:10.258Z - info:   [22284] Retrieved connectionData with accountClient
2019-03-13T01:06:10.263Z - info:   [22284] Sent extension start up telemetry
2019-03-13T01:06:15.283Z - info:   [22284] Polling for latest current build status...
2019-03-13T01:06:15.284Z - info:   [22284] Getting current build from badge...
2019-03-13T01:06:15.284Z - info:   [22284] Polling for the pinned work itemquery
2019-03-13T01:06:15.284Z - info:   [22284] Running pinned work item query to get count (PipelinesAsCode)...
2019-03-13T01:06:15.742Z - info:   [22284] Found build id 164. Getting build details...
2019-03-13T01:06:15.934Z - info:   [22284] Build summary info: 164 Completed Succeeded https://dev.azure.com/NateDuff/PipelinesAsCode/_build/index?buildId=164&_a=summary
2019-03-13T01:10:02.613Z - info:   [17532] *** FOLDER: c:\Users\duffn\Source\repos\NateDuffAthleticSite ***
2019-03-13T01:10:02.614Z - info:   [17532] AzureReposVSCode/1.149.2 (VSCode 1.31.1; Windows_NT 10.0.17134; Node 10.2.0)
2019-03-13T01:10:03.023Z - info:   [17532] Getting repository information with repositoryInfoClient
2019-03-13T01:10:06.304Z - info:   [17532] Getting connectionData with accountClient
2019-03-13T01:10:06.413Z - info:   [17532] Retrieved connectionData with accountClient
2019-03-13T01:10:06.414Z - info:   [17532] Sent extension start up telemetry
2019-03-13T01:10:10.413Z - info:   [17532] Polling for latest current build status...
2019-03-13T01:10:10.414Z - info:   [17532] Getting current build from badge...
2019-03-13T01:10:10.414Z - info:   [17532] Polling for the pinned work itemquery
2019-03-13T01:10:10.414Z - info:   [17532] Running pinned work item query to get count (PipelinesAsCode)...
2019-03-13T01:10:10.656Z - info:   [17532] Found build id 164. Getting build details...
2019-03-13T01:10:10.768Z - info:   [17532] Build summary info: 164 Completed Succeeded https://dev.azure.com/NateDuff/PipelinesAsCode/_build/index?buildId=164&_a=summary
2019-03-13T01:11:18.418Z - info:   [13168] *** FOLDER: c:\Users\duffn\Source\repos\NateDuffAthleticSite ***
2019-03-13T01:11:18.418Z - info:   [13168] AzureReposVSCode/1.149.2 (VSCode 1.31.1; Windows_NT 10.0.17134; Node 10.2.0)
2019-03-13T01:11:18.637Z - info:   [13168] Getting repository information with repositoryInfoClient
2019-03-13T01:11:20.459Z - info:   [13168] Getting connectionData with accountClient
2019-03-13T01:11:20.866Z - info:   [13168] Retrieved connectionData with accountClient
2019-03-13T01:11:20.867Z - info:   [13168] Sent extension start up telemetry
2019-03-13T01:11:24.867Z - info:   [13168] Polling for latest current build status...
2019-03-13T01:11:24.867Z - info:   [13168] Getting current build from badge...
2019-03-13T01:11:24.867Z - info:   [13168] Polling for the pinned work itemquery
2019-03-13T01:11:24.868Z - info:   [13168] Running pinned work item query to get count (PipelinesAsCode)...
2019-03-13T01:11:25.226Z - info:   [13168] Found build id 164. Getting build details...
2019-03-13T01:11:25.353Z - info:   [13168] Build summary info: 164 Completed Succeeded https://dev.azure.com/NateDuff/PipelinesAsCode/_build/index?buildId=164&_a=summary
2019-03-13T01:14:56.177Z - info:   [05220] *** FOLDER: c:\Users\duffn\Source\repos\NateDuffAthleticSite ***
2019-03-13T01:14:56.178Z - info:   [05220] AzureReposVSCode/1.149.2 (VSCode 1.31.1; Windows_NT 10.0.17134; Node 10.2.0)
2019-03-13T01:14:56.401Z - info:   [05220] Getting repository information with repositoryInfoClient
2019-03-13T01:14:58.817Z - info:   [05220] Getting connectionData with accountClient
2019-03-13T01:14:58.992Z - info:   [05220] Retrieved connectionData with accountClient
2019-03-13T01:14:58.994Z - info:   [05220] Sent extension start up telemetry
2019-03-13T01:15:02.994Z - info:   [05220] Polling for latest current build status...
2019-03-13T01:15:02.995Z - info:   [05220] Getting current build from badge...
2019-03-13T01:15:02.995Z - info:   [05220] Polling for the pinned work itemquery
2019-03-13T01:15:02.995Z - info:   [05220] Running pinned work item query to get count (PipelinesAsCode)...
2019-03-13T01:15:03.224Z - info:   [05220] Found build id 164. Getting build details...
2019-03-13T01:15:03.332Z - info:   [05220] Build summary info: 164 Completed Succeeded https://dev.azure.com/NateDuff/PipelinesAsCode/_build/index?buildId=164&_a=summary
2019-03-13T01:24:58.994Z - info:   [05220] Polling for latest current build status...
2019-03-13T01:24:58.994Z - info:   [05220] Getting current build from badge...
2019-03-13T01:24:58.995Z - info:   [05220] Polling for the pinned work itemquery
2019-03-13T01:24:58.995Z - info:   [05220] Running pinned work item query to get count (PipelinesAsCode)...
2019-03-13T01:24:59.251Z - info:   [05220] Found build id 164. Getting build details...
2019-03-13T01:24:59.355Z - info:   [05220] Build summary info: 164 Completed Succeeded https://dev.azure.com/NateDuff/PipelinesAsCode/_build/index?buildId=164&_a=summary
2019-03-13T01:34:58.995Z - info:   [05220] Polling for latest current build status...
2019-03-13T01:34:58.995Z - info:   [05220] Getting current build from badge...
2019-03-13T01:34:58.995Z - info:   [05220] Polling for the pinned work itemquery
2019-03-13T01:34:58.995Z - info:   [05220] Running pinned work item query to get count (PipelinesAsCode)...
2019-03-13T01:34:59.227Z - info:   [05220] Found build id 164. Getting build details...
2019-03-13T01:34:59.344Z - info:   [05220] Build summary info: 164 Completed Succeeded https://dev.azure.com/NateDuff/PipelinesAsCode/_build/index?buildId=164&_a=summary
2019-03-13T01:44:58.995Z - info:   [05220] Polling for latest current build status...
2019-03-13T01:44:58.996Z - info:   [05220] Getting current build from badge...
2019-03-13T01:44:58.996Z - info:   [05220] Polling for the pinned work itemquery
2019-03-13T01:44:58.996Z - info:   [05220] Running pinned work item query to get count (PipelinesAsCode)...
2019-03-13T01:44:59.232Z - info:   [05220] Found build id 164. Getting build details...
2019-03-13T01:44:59.347Z - info:   [05220] Build summary info: 164 Completed Succeeded https://dev.azure.com/NateDuff/PipelinesAsCode/_build/index?buildId=164&_a=summary
